<?xml version="1.0" encoding="UTF-8"?>
<!-- Generated by org.testng.reporters.JUnitReportReporter -->
<testsuite hostname="DESKTOP-B7V6ES1" failures="0" tests="2" name="com.db.testRunner.SmokeRunner" time="139.723" errors="0" timestamp="2023-09-04T09:17:57 IST" skipped="0">
  <testcase classname="com.db.testRunner.SmokeRunner" name="runScenario" time="76.752"/>
  <system-out/>
  <testcase classname="com.db.testRunner.SmokeRunner" name="runScenario" time="62.971"/>
  <system-out/>
</testsuite> <!-- com.db.testRunner.SmokeRunner -->
