<?xml version="1.0" encoding="UTF-8"?>
<!-- Generated by org.testng.reporters.JUnitReportReporter -->
<testsuite hostname="DESKTOP-B7V6ES1" failures="0" tests="4" name="com.db.testRunner.SmokeRunner" time="78.414" errors="0" timestamp="2023-09-03T23:54:28 IST" skipped="0">
  <testcase classname="com.db.testRunner.SmokeRunner" name="runScenario" time="18.418"/>
  <system-out/>
  <testcase classname="com.db.testRunner.SmokeRunner" name="runScenario" time="17.736"/>
  <system-out/>
  <testcase classname="com.db.testRunner.SmokeRunner" name="runScenario" time="24.515"/>
  <system-out/>
  <testcase classname="com.db.testRunner.SmokeRunner" name="runScenario" time="17.745"/>
  <system-out/>
</testsuite> <!-- com.db.testRunner.SmokeRunner -->
