<?xml version="1.0" encoding="UTF-8"?>
<!-- Generated by org.testng.reporters.JUnitReportReporter -->
<testsuite hostname="DESKTOP-B7V6ES1" failures="0" tests="2" name="com.db.testRunner.Runner2" time="154.686" errors="0" timestamp="2023-09-03T11:00:43 IST" skipped="0">
  <testcase classname="com.db.testRunner.Runner2" name="runScenario" time="68.014"/>
  <system-out/>
  <testcase classname="com.db.testRunner.Runner2" name="runScenario" time="86.672"/>
  <system-out/>
</testsuite> <!-- com.db.testRunner.Runner2 -->
